<?xml version="1.0" encoding="UTF-8" ?>
<testsuite errors="0" failures="0" hostname="MacBook-Pro-4.local" name="turnero.UserControllerSpec" skipped="0" tests="5" time="2.696" timestamp="2018-11-13T02:23:10">
  <properties />
  <testcase classname="turnero.UserControllerSpec" name="test login without params" time="1.909" />
  <testcase classname="turnero.UserControllerSpec" name="test login with params, valid login" time="0.463" />
  <testcase classname="turnero.UserControllerSpec" name="test login with params, invalid pwd" time="0.036" />
  <testcase classname="turnero.UserControllerSpec" name="test create without all params" time="0.042" />
  <testcase classname="turnero.UserControllerSpec" name="test create with all params" time="0.203" />
  <system-out><![CDATA[--Output from test login without params--
--Output from test login with params, valid login--
--Output from test login with params, invalid pwd--
--Output from test create without all params--
--Output from test create with all params--
]]></system-out>
  <system-err><![CDATA[--Output from test login without params--
--Output from test login with params, valid login--
--Output from test login with params, invalid pwd--
--Output from test create without all params--
--Output from test create with all params--
]]></system-err>
</testsuite>
